-1
-1
-1
-1
-1
2 2 2
2 2 3
2 3 3
2 2 5
2 3 5
2 2 7
2 3 7
3 3 7
2 5 7
2 2 11
2 3 11
2 2 13
2 3 13
3 3 13
2 5 13
2 2 17
2 3 17
2 2 19
2 3 19
3 3 19
2 5 19
2 2 23
2 3 23
3 3 23
2 5 23
5 3 23
2 7 23
2 2 29
2 3 29
2 2 31
2 3 31
3 3 31
2 5 31
5 3 31
2 7 31
2 2 37
2 3 37
3 3 37
2 5 37
2 2 41
2 3 41
2 2 43
2 3 43
3 3 43
2 5 43
2 2 47
2 3 47
3 3 47
2 5 47
5 3 47
2 7 47
2 2 53
2 3 53
3 3 53
2 5 53
5 3 53
2 7 53
2 2 59
2 3 59
2 2 61
2 3 61
3 3 61
2 5 61
5 3 61
2 7 61
2 2 67
2 3 67
3 3 67
2 5 67
2 2 71
2 3 71
2 2 73
2 3 73
3 3 73
2 5 73
5 3 73
2 7 73
2 2 79
2 3 79
3 3 79
2 5 79
2 2 83
2 3 83
3 3 83
2 5 83
5 3 83
2 7 83
2 2 89
2 3 89
3 3 89
2 5 89
5 3 89
2 7 89
7 3 89
2 19 79
2 2 97
2 3 97
3 3 97
2 5 97
2 2 101
2 3 101
2 2 103
2 3 103
3 3 103
2 5 103
2 2 107
2 3 107
2 2 109
2 3 109
3 3 109
2 5 109
2 2 113
2 3 113
3 3 113
2 5 113
5 3 113
2 7 113
7 3 113
2 13 109
7 5 113
2 11 113
11 3 113
2 13 113
13 3 113
2 19 109
2 2 127
2 3 127
3 3 127
2 5 127
2 2 131
2 3 131
3 3 131
2 5 131
5 3 131
2 7 131
2 2 137
2 3 137
2 2 139
2 3 139
3 3 139
2 5 139
5 3 139
2 7 139
7 3 139
2 11 137
7 5 139
2 11 139
2 2 149
2 3 149
2 2 151
2 3 151
3 3 151
2 5 151
5 3 151
2 7 151
2 2 157
2 3 157
3 3 157
2 5 157
5 3 157
2 7 157
2 2 163
2 3 163
3 3 163
2 5 163
2 2 167
2 3 167
3 3 167
2 5 167
5 3 167
2 7 167
2 2 173
2 3 173
3 3 173
2 5 173
5 3 173
2 7 173
2 2 179
2 3 179
2 2 181
2 3 181
3 3 181
2 5 181
5 3 181
2 7 181
7 3 181
2 11 179
7 5 181
2 11 181
2 2 191
2 3 191
2 2 193
2 3 193
3 3 193
2 5 193
2 2 197
2 3 197
2 2 199
2 3 199
3 3 199
2 5 199
5 3 199
2 7 199
7 3 199
2 11 197
7 5 199
2 11 199
11 3 199
2 13 199
2 2 211
2 3 211
3 3 211
2 5 211
5 3 211
2 7 211
7 3 211
2 23 197
7 5 211
2 11 211
11 3 211
2 13 211
2 2 223
2 3 223
3 3 223
2 5 223
2 2 227
2 3 227
2 2 229
2 3 229
3 3 229
2 5 229
2 2 233
2 3 233
3 3 233
2 5 233
5 3 233
2 7 233
2 2 239
2 3 239
2 2 241
2 3 241
3 3 241
2 5 241
5 3 241
2 7 241
7 3 241
2 11 239
7 5 241
2 11 241
2 2 251
2 3 251
3 3 251
2 5 251
5 3 251
2 7 251
2 2 257
2 3 257
3 3 257
2 5 257
5 3 257
2 7 257
2 2 263
2 3 263
3 3 263
2 5 263
5 3 263
2 7 263
2 2 269
2 3 269
2 2 271
2 3 271
3 3 271
2 5 271
5 3 271
2 7 271
2 2 277
2 3 277
3 3 277
2 5 277
2 2 281
2 3 281
2 2 283
2 3 283
3 3 283
2 5 283
5 3 283
2 7 283
7 3 283
2 11 281
7 5 283
2 11 283
2 2 293
2 3 293
3 3 293
2 5 293
5 3 293
2 7 293
7 3 293
2 19 283
7 5 293
2 11 293
11 3 293
2 13 293
13 3 293
2 31 277
2 2 307
2 3 307
3 3 307
2 5 307
2 2 311
2 3 311
2 2 313
2 3 313
3 3 313
2 5 313
2 2 317
2 3 317
3 3 317
2 5 317
5 3 317
2 7 317
7 3 317
2 13 313
7 5 317
2 11 317
11 3 317
2 13 317
13 3 317
2 19 313
2 2 331
2 3 331
3 3 331
2 5 331
5 3 331
2 7 331
2 2 337
2 3 337
3 3 337
2 5 337
5 3 337
2 7 337
7 3 337
2 29 317
7 5 337
2 11 337
2 2 347
2 3 347
2 2 349
2 3 349
3 3 349
2 5 349
2 2 353
2 3 353
3 3 353
2 5 353
5 3 353
2 7 353
2 2 359
2 3 359
3 3 359
2 5 359
5 3 359
2 7 359
7 3 359
2 19 349
2 2 367
2 3 367
3 3 367
2 5 367
5 3 367
2 7 367
2 2 373
2 3 373
3 3 373
2 5 373
5 3 373
2 7 373
2 2 379
2 3 379
3 3 379
2 5 379
2 2 383
2 3 383
3 3 383
2 5 383
5 3 383
2 7 383
2 2 389
2 3 389
3 3 389
2 5 389
5 3 389
2 7 389
7 3 389
2 19 379
2 2 397
2 3 397
3 3 397
2 5 397
2 2 401
2 3 401
3 3 401
2 5 401
5 3 401
2 7 401
7 3 401
2 13 397
2 2 409
2 3 409
3 3 409
2 5 409
5 3 409
2 7 409
7 3 409
2 17 401
7 5 409
2 11 409
2 2 419
2 3 419
2 2 421
2 3 421
3 3 421
2 5 421
5 3 421
2 7 421
7 3 421
2 11 419
7 5 421
2 11 421
2 2 431
2 3 431
2 2 433
2 3 433
3 3 433
2 5 433
5 3 433
2 7 433
2 2 439
2 3 439
3 3 439
2 5 439
2 2 443
2 3 443
3 3 443
2 5 443
5 3 443
2 7 443
2 2 449
2 3 449
3 3 449
2 5 449
5 3 449
2 7 449
7 3 449
2 19 439
2 2 457
2 3 457
3 3 457
2 5 457
2 2 461
2 3 461
2 2 463
2 3 463
3 3 463
2 5 463
2 2 467
2 3 467
3 3 467
2 5 467
5 3 467
2 7 467
7 3 467
2 13 463
7 5 467
2 11 467
11 3 467
2 13 467
2 2 479
2 3 479
3 3 479
2 5 479
5 3 479
2 7 479
7 3 479
2 31 457
2 2 487
2 3 487
3 3 487
2 5 487
2 2 491
2 3 491
3 3 491
2 5 491
5 3 491
2 7 491
7 3 491
2 13 487
2 2 499
2 3 499
3 3 499
2 5 499
2 2 503
2 3 503
3 3 503
2 5 503
5 3 503
2 7 503
2 2 509
2 3 509
3 3 509
2 5 509
5 3 509
2 7 509
7 3 509
2 19 499
7 5 509
2 11 509
11 3 509
2 13 509
2 2 521
2 3 521
2 2 523
2 3 523
3 3 523
2 5 523
5 3 523
2 7 523
7 3 523
2 11 521
7 5 523
2 11 523
11 3 523
2 13 523
13 3 523
2 17 521
13 5 523
2 17 523
17 3 523
2 19 523
2 2 541
2 3 541
3 3 541
2 5 541
5 3 541
2 7 541
2 2 547
2 3 547
3 3 547
2 5 547
5 3 547
2 7 547
7 3 547
2 47 509
7 5 547
2 11 547
2 2 557
2 3 557
3 3 557
2 5 557
5 3 557
2 7 557
2 2 563
2 3 563
3 3 563
2 5 563
5 3 563
2 7 563
2 2 569
2 3 569
2 2 571
2 3 571
3 3 571
2 5 571
5 3 571
2 7 571
2 2 577
2 3 577
3 3 577
2 5 577
5 3 577
2 7 577
7 3 577
2 17 569
7 5 577
2 11 577
2 2 587
2 3 587
3 3 587
2 5 587
5 3 587
2 7 587
2 2 593
2 3 593
3 3 593
2 5 593
5 3 593
2 7 593
2 2 599
2 3 599
2 2 601
2 3 601
3 3 601
2 5 601
5 3 601
2 7 601
2 2 607
2 3 607
3 3 607
2 5 607
5 3 607
2 7 607
2 2 613
2 3 613
3 3 613
2 5 613
2 2 617
2 3 617
2 2 619
2 3 619
3 3 619
2 5 619
5 3 619
2 7 619
7 3 619
2 11 617
7 5 619
2 11 619
11 3 619
2 13 619
2 2 631
2 3 631
3 3 631
2 5 631
5 3 631
2 7 631
7 3 631
2 23 617
7 5 631
2 11 631
2 2 641
2 3 641
2 2 643
2 3 643
3 3 643
2 5 643
2 2 647
2 3 647
3 3 647
2 5 647
5 3 647
2 7 647
2 2 653
2 3 653
3 3 653
2 5 653
5 3 653
2 7 653
2 2 659
2 3 659
2 2 661
2 3 661
3 3 661
2 5 661
5 3 661
2 7 661
7 3 661
2 11 659
7 5 661
2 11 661
11 3 661
2 13 661
2 2 673
2 3 673
3 3 673
2 5 673
2 2 677
2 3 677
3 3 677
2 5 677
5 3 677
2 7 677
2 2 683
2 3 683
3 3 683
2 5 683
5 3 683
2 7 683
7 3 683
2 19 673
2 2 691
2 3 691
3 3 691
2 5 691
5 3 691
2 7 691
7 3 691
2 17 683
7 5 691
2 11 691
2 2 701
2 3 701
3 3 701
2 5 701
5 3 701
2 7 701
7 3 701
2 19 691
2 2 709
2 3 709
3 3 709
2 5 709
5 3 709
2 7 709
7 3 709
2 17 701
7 5 709
2 11 709
2 2 719
2 3 719
3 3 719
2 5 719
5 3 719
2 7 719
7 3 719
2 19 709
2 2 727
2 3 727
3 3 727
2 5 727
5 3 727
2 7 727
2 2 733
2 3 733
3 3 733
2 5 733
5 3 733
2 7 733
2 2 739
2 3 739
3 3 739
2 5 739
2 2 743
2 3 743
3 3 743
2 5 743
5 3 743
2 7 743
7 3 743
2 13 739
2 2 751
2 3 751
3 3 751
2 5 751
5 3 751
2 7 751
2 2 757
2 3 757
3 3 757
2 5 757
2 2 761
2 3 761
3 3 761
2 5 761
5 3 761
2 7 761
7 3 761
2 13 757
2 2 769
2 3 769
3 3 769
2 5 769
2 2 773
2 3 773
3 3 773
2 5 773
5 3 773
2 7 773
7 3 773
2 13 769
7 5 773
2 11 773
11 3 773
2 13 773
13 3 773
2 19 769
2 2 787
2 3 787
3 3 787
2 5 787
5 3 787
2 7 787
7 3 787
2 23 773
7 5 787
2 11 787
2 2 797
2 3 797
3 3 797
2 5 797
5 3 797
2 7 797
7 3 797
2 19 787
7 5 797
2 11 797
11 3 797
2 13 797
2 2 809
2 3 809
2 2 811
2 3 811
3 3 811
2 5 811
5 3 811
2 7 811
7 3 811
2 11 809
7 5 811
2 11 811
2 2 821
2 3 821
2 2 823
2 3 823
3 3 823
2 5 823
2 2 827
2 3 827
2 2 829
2 3 829
3 3 829
2 5 829
5 3 829
2 7 829
7 3 829
2 11 827
7 5 829
2 11 829
2 2 839
2 3 839
3 3 839
2 5 839
5 3 839
2 7 839
7 3 839
2 19 829
7 5 839
2 11 839
11 3 839
2 13 839
13 3 839
2 31 823
2 2 853
2 3 853
3 3 853
2 5 853
2 2 857
2 3 857
2 2 859
2 3 859
3 3 859
2 5 859
2 2 863
2 3 863
3 3 863
2 5 863
5 3 863
2 7 863
7 3 863
2 13 859
7 5 863
2 11 863
11 3 863
2 13 863
13 3 863
2 19 859
2 2 877
2 3 877
3 3 877
2 5 877
2 2 881
2 3 881
2 2 883
2 3 883
3 3 883
2 5 883
2 2 887
2 3 887
3 3 887
2 5 887
5 3 887
2 7 887
7 3 887
2 13 883
7 5 887
2 11 887
11 3 887
2 13 887
13 3 887
2 19 883
13 5 887
2 17 887
17 3 887
2 19 887
19 3 887
2 31 877
2 2 907
2 3 907
3 3 907
2 5 907
2 2 911
2 3 911
3 3 911
2 5 911
5 3 911
2 7 911
7 3 911
2 13 907
2 2 919
2 3 919
3 3 919
2 5 919
5 3 919
2 7 919
7 3 919
2 17 911
7 5 919
2 11 919
2 2 929
2 3 929
3 3 929
2 5 929
5 3 929
2 7 929
7 3 929
2 19 919
2 2 937
2 3 937
3 3 937
2 5 937
2 2 941
2 3 941
3 3 941
2 5 941
5 3 941
2 7 941
2 2 947
2 3 947
3 3 947
2 5 947
5 3 947
2 7 947
2 2 953
2 3 953
3 3 953
2 5 953
5 3 953
2 7 953
7 3 953
2 43 919
7 5 953
2 11 953
11 3 953
2 13 953
13 3 953
2 31 937
2 2 967
2 3 967
3 3 967
2 5 967
2 2 971
2 3 971
3 3 971
2 5 971
5 3 971
2 7 971
2 2 977
2 3 977
3 3 977
2 5 977
5 3 977
2 7 977
2 2 983
2 3 983
3 3 983
